 -------------- Info (2021-08-16 20:49:14.0258) --------------
 
 Call Site: NUnitAllureProject.Tests.MainPageTests.CheckMainPageCanBeOpened
 Exception Type: 
 Exception Message: 
 Stack Trace: 
 Additional Info: Test CheckMainPageCanBeOpened

 -------------- Info (2021-08-16 20:49:18.5735) --------------
 
 Call Site: NUnitAllureProject.Tests.SearchingTests.CheckSearchingPageWasOpened
 Exception Type: 
 Exception Message: 
 Stack Trace: 
 Additional Info: Test case CheckSearchingPageWasOpened

 -------------- Info (2021-08-16 20:49:18.7171) --------------
 
 Call Site: LittleFramework.Objects.Pages.SearchingPagePart.TypeTextInSearchingTextBox
 Exception Type: 
 Exception Message: 
 Stack Trace: 
 Additional Info: Type text in searching textbox

 -------------- Info (2021-08-16 20:49:18.9835) --------------
 
 Call Site: LittleFramework.Objects.Pages.SearchingPagePart.ClickSearchButton
 Exception Type: 
 Exception Message: 
 Stack Trace: 
 Additional Info: Click search button

